Notice: Output directory `doxygen' does not exist. I have created it for you.
/scratch/glasseem/tlm_course/example1/master.cpp:22: warning: no matching class member found for 
  Master::Master(sc_module_name name)
Possible candidates:
  Master::Master(sc_core::sc_module_name name)
  Master::Master()
  Master::Master(const Master &)
  Master::Master(sc_core::sc_module_name name)
  Master::Master()
  Master::Master(const Master &)
  Master::Master(sc_core::sc_module_name name)
  Master::Master()
  Master::Master(const Master &)
  Master::Master(sc_core::sc_module_name name)
  Master::Master()
  Master::Master(const Master &)
  Master::Master(sc_core::sc_module_name name)
  Master::Master()
  Master::Master(const Master &)
  Master::Master(sc_core::sc_module_name name)
  Master::Master()
  Master::Master(const Master &)
  Master::Master(sc_core::sc_module_name name)
  Master::Master()
  Master::Master(const Master &)
  Master::Master(sc_core::sc_module_name name)
  Master::Master()
  Master::Master(const Master &)
  Master::Master(sc_core::sc_module_name name)
  Master::Master()
  Master::Master(const Master &)
  Master::Master(sc_core::sc_module_name name)
  Master::Master()
  Master::Master(const Master &)
  Master::Master(sc_core::sc_module_name name)
  Master::Master()
  Master::Master(const Master &)
  Master::Master(sc_core::sc_module_name name)
  Master::Master()
  Master::Master(const Master &)

/scratch/glasseem/tlm_course/example1/reset.cpp:17: warning: no matching class member found for 
  Reset::Reset(sc_module_name name, sc_time duration)
Possible candidates:
  Reset::Reset(sc_core::sc_module_name name, sc_core::sc_time duration)
  Reset::Reset()
  Reset::Reset(const Reset &)
  Reset::Reset(sc_core::sc_module_name name, sc_core::sc_time duration)
  Reset::Reset()
  Reset::Reset(const Reset &)
  Reset::Reset(sc_core::sc_module_name name, sc_core::sc_time duration)
  Reset::Reset()
  Reset::Reset(const Reset &)

/scratch/glasseem/tlm_course/example1/slave.cpp:22: warning: no matching class member found for 
  Slave::Slave(sc_module_name name)
Possible candidates:
  Slave::Slave(sc_core::sc_module_name name)
  Slave::Slave()
  Slave::Slave(const Slave &)
  Slave::Slave(sc_core::sc_module_name name)
  Slave::Slave()
  Slave::Slave(const Slave &)
  Slave::Slave(sc_core::sc_module_name name)
  Slave::Slave()
  Slave::Slave(const Slave &)
  Slave::Slave(sc_core::sc_module_name name)
  Slave::Slave()
  Slave::Slave(const Slave &)
  Slave::Slave(sc_core::sc_module_name name)
  Slave::Slave()
  Slave::Slave(const Slave &)
  Slave::Slave(sc_core::sc_module_name name)
  Slave::Slave()
  Slave::Slave(const Slave &)
  Slave::Slave(sc_core::sc_module_name name)
  Slave::Slave()
  Slave::Slave(const Slave &)
  Slave::Slave(sc_core::sc_module_name name)
  Slave::Slave()
  Slave::Slave(const Slave &)
  Slave::Slave(sc_core::sc_module_name name)
  Slave::Slave()
  Slave::Slave(const Slave &)
  Slave::Slave(sc_core::sc_module_name name)
  Slave::Slave()
  Slave::Slave(const Slave &)
  Slave::Slave(sc_core::sc_module_name name)
  Slave::Slave()
  Slave::Slave(const Slave &)
  Slave::Slave(sc_core::sc_module_name name)
  Slave::Slave()
  Slave::Slave(const Slave &)

/scratch/glasseem/tlm_course/example1/top.cpp:22: warning: no matching class member found for 
  Top::Top(sc_module_name name)
Possible candidates:
  Top::Top(sc_core::sc_module_name name)
  Top::Top()
  Top::Top(const Top &)
  Top::Top(sc_core::sc_module_name name)
  Top::Top()
  Top::Top(const Top &)
  Top::Top(sc_core::sc_module_name name)
  Top::Top()
  Top::Top(const Top &)
  Top::Top(sc_core::sc_module_name name)
  Top::Top()
  Top::Top(const Top &)
  Top::Top(sc_core::sc_module_name name)
  Top::Top()
  Top::Top(const Top &)
  Top::Top(sc_core::sc_module_name name)
  Top::Top()
  Top::Top(const Top &)
  Top::Top(sc_core::sc_module_name name)
  Top::Top()
  Top::Top(const Top &)
  Top::Top(sc_core::sc_module_name name)
  Top::Top()
  Top::Top(const Top &)
  Top::Top(sc_core::sc_module_name name)
  Top::Top()
  Top::Top(const Top &)
  Top::Top(sc_core::sc_module_name name)
  Top::Top()
  Top::Top(const Top &)
  Top::Top(sc_core::sc_module_name name)
  Top::Top()
  Top::Top(const Top &)
  Top::Top(sc_core::sc_module_name name)
  Top::Top()
  Top::Top(const Top &)

/scratch/glasseem/tlm_course/example2/master.cpp:32: warning: no matching class member found for 
  Master::Master(sc_module_name name)
Possible candidates:
  Master::Master(sc_core::sc_module_name name)
  Master::Master()
  Master::Master(const Master &)
  Master::Master(sc_core::sc_module_name name)
  Master::Master()
  Master::Master(const Master &)
  Master::Master(sc_core::sc_module_name name)
  Master::Master()
  Master::Master(const Master &)
  Master::Master(sc_core::sc_module_name name)
  Master::Master()
  Master::Master(const Master &)
  Master::Master(sc_core::sc_module_name name)
  Master::Master()
  Master::Master(const Master &)
  Master::Master(sc_core::sc_module_name name)
  Master::Master()
  Master::Master(const Master &)
  Master::Master(sc_core::sc_module_name name)
  Master::Master()
  Master::Master(const Master &)
  Master::Master(sc_core::sc_module_name name)
  Master::Master()
  Master::Master(const Master &)
  Master::Master(sc_core::sc_module_name name)
  Master::Master()
  Master::Master(const Master &)
  Master::Master(sc_core::sc_module_name name)
  Master::Master()
  Master::Master(const Master &)
  Master::Master(sc_core::sc_module_name name)
  Master::Master()
  Master::Master(const Master &)
  Master::Master(sc_core::sc_module_name name)
  Master::Master()
  Master::Master(const Master &)

/scratch/glasseem/tlm_course/example2/reset.cpp:17: warning: no matching class member found for 
  Reset::Reset(sc_module_name name, sc_time duration)
Possible candidates:
  Reset::Reset(sc_core::sc_module_name name, sc_core::sc_time duration)
  Reset::Reset()
  Reset::Reset(const Reset &)
  Reset::Reset(sc_core::sc_module_name name, sc_core::sc_time duration)
  Reset::Reset()
  Reset::Reset(const Reset &)
  Reset::Reset(sc_core::sc_module_name name, sc_core::sc_time duration)
  Reset::Reset()
  Reset::Reset(const Reset &)

/scratch/glasseem/tlm_course/example2/slave.cpp:33: warning: no matching class member found for 
  Slave::Slave(sc_module_name name)
Possible candidates:
  Slave::Slave(sc_core::sc_module_name name)
  Slave::Slave()
  Slave::Slave(const Slave &)
  Slave::Slave(sc_core::sc_module_name name)
  Slave::Slave()
  Slave::Slave(const Slave &)
  Slave::Slave(sc_core::sc_module_name name)
  Slave::Slave()
  Slave::Slave(const Slave &)
  Slave::Slave(sc_core::sc_module_name name)
  Slave::Slave()
  Slave::Slave(const Slave &)
  Slave::Slave(sc_core::sc_module_name name)
  Slave::Slave()
  Slave::Slave(const Slave &)
  Slave::Slave(sc_core::sc_module_name name)
  Slave::Slave()
  Slave::Slave(const Slave &)
  Slave::Slave(sc_core::sc_module_name name)
  Slave::Slave()
  Slave::Slave(const Slave &)
  Slave::Slave(sc_core::sc_module_name name)
  Slave::Slave()
  Slave::Slave(const Slave &)
  Slave::Slave(sc_core::sc_module_name name)
  Slave::Slave()
  Slave::Slave(const Slave &)
  Slave::Slave(sc_core::sc_module_name name)
  Slave::Slave()
  Slave::Slave(const Slave &)
  Slave::Slave(sc_core::sc_module_name name)
  Slave::Slave()
  Slave::Slave(const Slave &)
  Slave::Slave(sc_core::sc_module_name name)
  Slave::Slave()
  Slave::Slave(const Slave &)

/scratch/glasseem/tlm_course/example2/top.cpp:27: warning: no matching class member found for 
  Top::Top(sc_module_name name)
Possible candidates:
  Top::Top(sc_core::sc_module_name name)
  Top::Top()
  Top::Top(const Top &)
  Top::Top(sc_core::sc_module_name name)
  Top::Top()
  Top::Top(const Top &)
  Top::Top(sc_core::sc_module_name name)
  Top::Top()
  Top::Top(const Top &)
  Top::Top(sc_core::sc_module_name name)
  Top::Top()
  Top::Top(const Top &)
  Top::Top(sc_core::sc_module_name name)
  Top::Top()
  Top::Top(const Top &)
  Top::Top(sc_core::sc_module_name name)
  Top::Top()
  Top::Top(const Top &)
  Top::Top(sc_core::sc_module_name name)
  Top::Top()
  Top::Top(const Top &)
  Top::Top(sc_core::sc_module_name name)
  Top::Top()
  Top::Top(const Top &)
  Top::Top(sc_core::sc_module_name name)
  Top::Top()
  Top::Top(const Top &)
  Top::Top(sc_core::sc_module_name name)
  Top::Top()
  Top::Top(const Top &)
  Top::Top(sc_core::sc_module_name name)
  Top::Top()
  Top::Top(const Top &)
  Top::Top(sc_core::sc_module_name name)
  Top::Top()
  Top::Top(const Top &)

/scratch/glasseem/tlm_course/example3/master.cpp:22: warning: no matching class member found for 
  Master::Master(sc_module_name name)
Possible candidates:
  Master::Master(sc_core::sc_module_name name)
  Master::Master()
  Master::Master(const Master &)
  Master::Master(sc_core::sc_module_name name)
  Master::Master()
  Master::Master(const Master &)
  Master::Master(sc_core::sc_module_name name)
  Master::Master()
  Master::Master(const Master &)
  Master::Master(sc_core::sc_module_name name)
  Master::Master()
  Master::Master(const Master &)
  Master::Master(sc_core::sc_module_name name)
  Master::Master()
  Master::Master(const Master &)
  Master::Master(sc_core::sc_module_name name)
  Master::Master()
  Master::Master(const Master &)
  Master::Master(sc_core::sc_module_name name)
  Master::Master()
  Master::Master(const Master &)
  Master::Master(sc_core::sc_module_name name)
  Master::Master()
  Master::Master(const Master &)
  Master::Master(sc_core::sc_module_name name)
  Master::Master()
  Master::Master(const Master &)
  Master::Master(sc_core::sc_module_name name)
  Master::Master()
  Master::Master(const Master &)
  Master::Master(sc_core::sc_module_name name)
  Master::Master()
  Master::Master(const Master &)
  Master::Master(sc_core::sc_module_name name)
  Master::Master()
  Master::Master(const Master &)

/scratch/glasseem/tlm_course/example3/slave.cpp:24: warning: no matching class member found for 
  Slave::Slave(sc_module_name name)
Possible candidates:
  Slave::Slave(sc_core::sc_module_name name)
  Slave::Slave()
  Slave::Slave(const Slave &)
  Slave::Slave(sc_core::sc_module_name name)
  Slave::Slave()
  Slave::Slave(const Slave &)
  Slave::Slave(sc_core::sc_module_name name)
  Slave::Slave()
  Slave::Slave(const Slave &)
  Slave::Slave(sc_core::sc_module_name name)
  Slave::Slave()
  Slave::Slave(const Slave &)
  Slave::Slave(sc_core::sc_module_name name)
  Slave::Slave()
  Slave::Slave(const Slave &)
  Slave::Slave(sc_core::sc_module_name name)
  Slave::Slave()
  Slave::Slave(const Slave &)
  Slave::Slave(sc_core::sc_module_name name)
  Slave::Slave()
  Slave::Slave(const Slave &)
  Slave::Slave(sc_core::sc_module_name name)
  Slave::Slave()
  Slave::Slave(const Slave &)
  Slave::Slave(sc_core::sc_module_name name)
  Slave::Slave()
  Slave::Slave(const Slave &)
  Slave::Slave(sc_core::sc_module_name name)
  Slave::Slave()
  Slave::Slave(const Slave &)
  Slave::Slave(sc_core::sc_module_name name)
  Slave::Slave()
  Slave::Slave(const Slave &)
  Slave::Slave(sc_core::sc_module_name name)
  Slave::Slave()
  Slave::Slave(const Slave &)

/scratch/glasseem/tlm_course/example3/slave.cpp:83: warning: no matching class member found for 
  void Slave::my_b_transport(tlm_generic_payload &trans, sc_time &local_time)
Possible candidates:
  void Slave::my_b_transport(tlm::tlm_generic_payload &trans, sc_core::sc_time &local_time)
  void Slave::my_b_transport(tlm::tlm_generic_payload &trans, sc_core::sc_time &local_time)
  void Slave::my_b_transport(tlm::tlm_generic_payload &trans, sc_core::sc_time &local_time)
  void Slave::my_b_transport(tlm::tlm_generic_payload &trans, sc_core::sc_time &local_time)

/scratch/glasseem/tlm_course/example3/top.cpp:18: warning: no matching class member found for 
  Top::Top(sc_module_name name)
Possible candidates:
  Top::Top(sc_core::sc_module_name name)
  Top::Top()
  Top::Top(const Top &)
  Top::Top(sc_core::sc_module_name name)
  Top::Top()
  Top::Top(const Top &)
  Top::Top(sc_core::sc_module_name name)
  Top::Top()
  Top::Top(const Top &)
  Top::Top(sc_core::sc_module_name name)
  Top::Top()
  Top::Top(const Top &)
  Top::Top(sc_core::sc_module_name name)
  Top::Top()
  Top::Top(const Top &)
  Top::Top(sc_core::sc_module_name name)
  Top::Top()
  Top::Top(const Top &)
  Top::Top(sc_core::sc_module_name name)
  Top::Top()
  Top::Top(const Top &)
  Top::Top(sc_core::sc_module_name name)
  Top::Top()
  Top::Top(const Top &)
  Top::Top(sc_core::sc_module_name name)
  Top::Top()
  Top::Top(const Top &)
  Top::Top(sc_core::sc_module_name name)
  Top::Top()
  Top::Top(const Top &)
  Top::Top(sc_core::sc_module_name name)
  Top::Top()
  Top::Top(const Top &)
  Top::Top(sc_core::sc_module_name name)
  Top::Top()
  Top::Top(const Top &)

/scratch/glasseem/tlm_course/example4/master.cpp:22: warning: no matching class member found for 
  Master::Master(sc_module_name name)
Possible candidates:
  Master::Master(sc_core::sc_module_name name)
  Master::Master()
  Master::Master(const Master &)
  Master::Master(sc_core::sc_module_name name)
  Master::Master()
  Master::Master(const Master &)
  Master::Master(sc_core::sc_module_name name)
  Master::Master()
  Master::Master(const Master &)
  Master::Master(sc_core::sc_module_name name)
  Master::Master()
  Master::Master(const Master &)
  Master::Master(sc_core::sc_module_name name)
  Master::Master()
  Master::Master(const Master &)
  Master::Master(sc_core::sc_module_name name)
  Master::Master()
  Master::Master(const Master &)
  Master::Master(sc_core::sc_module_name name)
  Master::Master()
  Master::Master(const Master &)
  Master::Master(sc_core::sc_module_name name)
  Master::Master()
  Master::Master(const Master &)
  Master::Master(sc_core::sc_module_name name)
  Master::Master()
  Master::Master(const Master &)
  Master::Master(sc_core::sc_module_name name)
  Master::Master()
  Master::Master(const Master &)
  Master::Master(sc_core::sc_module_name name)
  Master::Master()
  Master::Master(const Master &)
  Master::Master(sc_core::sc_module_name name)
  Master::Master()
  Master::Master(const Master &)

/scratch/glasseem/tlm_course/example4/slave.cpp:27: warning: no matching class member found for 
  Slave::Slave(sc_module_name name)
Possible candidates:
  Slave::Slave(sc_core::sc_module_name name)
  Slave::Slave()
  Slave::Slave(const Slave &)
  Slave::Slave(sc_core::sc_module_name name)
  Slave::Slave()
  Slave::Slave(const Slave &)
  Slave::Slave(sc_core::sc_module_name name)
  Slave::Slave()
  Slave::Slave(const Slave &)
  Slave::Slave(sc_core::sc_module_name name)
  Slave::Slave()
  Slave::Slave(const Slave &)
  Slave::Slave(sc_core::sc_module_name name)
  Slave::Slave()
  Slave::Slave(const Slave &)
  Slave::Slave(sc_core::sc_module_name name)
  Slave::Slave()
  Slave::Slave(const Slave &)
  Slave::Slave(sc_core::sc_module_name name)
  Slave::Slave()
  Slave::Slave(const Slave &)
  Slave::Slave(sc_core::sc_module_name name)
  Slave::Slave()
  Slave::Slave(const Slave &)
  Slave::Slave(sc_core::sc_module_name name)
  Slave::Slave()
  Slave::Slave(const Slave &)
  Slave::Slave(sc_core::sc_module_name name)
  Slave::Slave()
  Slave::Slave(const Slave &)
  Slave::Slave(sc_core::sc_module_name name)
  Slave::Slave()
  Slave::Slave(const Slave &)
  Slave::Slave(sc_core::sc_module_name name)
  Slave::Slave()
  Slave::Slave(const Slave &)

/scratch/glasseem/tlm_course/example4/slave.cpp:89: warning: no matching class member found for 
  tlm_sync_enum Slave::my_nb_transport_fw(tlm_generic_payload &trans, tlm_phase &phase, sc_time &local_time)
Possible candidates:
  tlm::tlm_sync_enum Slave::my_nb_transport_fw(tlm::tlm_generic_payload &trans, tlm::tlm_phase &phase, sc_core::sc_time &local_time)
  tlm::tlm_sync_enum Slave::my_nb_transport_fw(tlm::tlm_generic_payload &trans, tlm::tlm_phase &phase, sc_core::sc_time &local_time)
  tlm::tlm_sync_enum Slave::my_nb_transport_fw(tlm::tlm_generic_payload &trans, tlm::tlm_phase &phase, sc_core::sc_time &local_time)
  tlm::tlm_sync_enum Slave::my_nb_transport_fw(tlm::tlm_generic_payload &trans, tlm::tlm_phase &phase, sc_core::sc_time &local_time)

/scratch/glasseem/tlm_course/example4/slave.cpp:153: warning: no matching class member found for 
  void Slave::peq_cb(tlm_generic_payload &trans, const tlm_phase &phase)
Possible candidates:
  void Slave::peq_cb(tlm::tlm_generic_payload &trans, const tlm::tlm_phase &phase)
  void Slave::peq_cb(tlm::tlm_generic_payload &trans, const tlm::tlm_phase &phase)
  void Slave::peq_cb(tlm::tlm_generic_payload &trans, const tlm::tlm_phase &phase)
  void Slave::peq_cb(tlm::tlm_generic_payload &trans, const tlm::tlm_phase &phase)

/scratch/glasseem/tlm_course/example4/top.cpp:18: warning: no matching class member found for 
  Top::Top(sc_module_name name)
Possible candidates:
  Top::Top(sc_core::sc_module_name name)
  Top::Top()
  Top::Top(const Top &)
  Top::Top(sc_core::sc_module_name name)
  Top::Top()
  Top::Top(const Top &)
  Top::Top(sc_core::sc_module_name name)
  Top::Top()
  Top::Top(const Top &)
  Top::Top(sc_core::sc_module_name name)
  Top::Top()
  Top::Top(const Top &)
  Top::Top(sc_core::sc_module_name name)
  Top::Top()
  Top::Top(const Top &)
  Top::Top(sc_core::sc_module_name name)
  Top::Top()
  Top::Top(const Top &)
  Top::Top(sc_core::sc_module_name name)
  Top::Top()
  Top::Top(const Top &)
  Top::Top(sc_core::sc_module_name name)
  Top::Top()
  Top::Top(const Top &)
  Top::Top(sc_core::sc_module_name name)
  Top::Top()
  Top::Top(const Top &)
  Top::Top(sc_core::sc_module_name name)
  Top::Top()
  Top::Top(const Top &)
  Top::Top(sc_core::sc_module_name name)
  Top::Top()
  Top::Top(const Top &)
  Top::Top(sc_core::sc_module_name name)
  Top::Top()
  Top::Top(const Top &)

/scratch/glasseem/tlm_course/example5/master.cpp:76: warning: no matching class member found for 
  Master::Master(sc_module_name name)
Possible candidates:
  Master::Master(sc_core::sc_module_name name)
  Master::Master()
  Master::Master(const Master &)
  Master::Master(sc_core::sc_module_name name)
  Master::Master()
  Master::Master(const Master &)
  Master::Master(sc_core::sc_module_name name)
  Master::Master()
  Master::Master(const Master &)
  Master::Master(sc_core::sc_module_name name)
  Master::Master()
  Master::Master(const Master &)
  Master::Master(sc_core::sc_module_name name)
  Master::Master()
  Master::Master(const Master &)
  Master::Master(sc_core::sc_module_name name)
  Master::Master()
  Master::Master(const Master &)
  Master::Master(sc_core::sc_module_name name)
  Master::Master()
  Master::Master(const Master &)
  Master::Master(sc_core::sc_module_name name)
  Master::Master()
  Master::Master(const Master &)
  Master::Master(sc_core::sc_module_name name)
  Master::Master()
  Master::Master(const Master &)
  Master::Master(sc_core::sc_module_name name)
  Master::Master()
  Master::Master(const Master &)
  Master::Master(sc_core::sc_module_name name)
  Master::Master()
  Master::Master(const Master &)
  Master::Master(sc_core::sc_module_name name)
  Master::Master()
  Master::Master(const Master &)

/scratch/glasseem/tlm_course/example5/master.cpp:184: warning: no uniquely matching class member found for 
  tlm_sync_enum Master::my_nb_transport_bw(tlm_generic_payload &trans, tlm_phase &phase, sc_time &time)
Possible candidates:
  tlm_sync_enum Master::my_nb_transport_bw(tlm_generic_payload &trans, tlm_phase &phase, sc_core::sc_time &time)' at line 58 of file /scratch/glasseem/tlm_course/example5/master.h
  tlm_sync_enum Master::my_nb_transport_bw(tlm_generic_payload &trans, tlm_phase &phase, sc_core::sc_time &time)' at line 58 of file /scratch/glasseem/tlm_course/example6/master.h
  tlm_sync_enum Master::my_nb_transport_bw(tlm_generic_payload &trans, tlm_phase &phase, sc_core::sc_time &time)' at line 58 of file /scratch/glasseem/tlm_course/example7/master.h
  tlm_sync_enum Master::my_nb_transport_bw(tlm_generic_payload &trans, tlm_phase &phase, sc_core::sc_time &time)' at line 57 of file /scratch/glasseem/tlm_course/exercise3/master.h

/scratch/glasseem/tlm_course/example5/master.cpp:214: warning: no matching class member found for 
  void Master::run_transaction(tlm_generic_payload &trans, sc_time &time)
Possible candidates:
  void Master::run_transaction(tlm_generic_payload &trans, sc_core::sc_time &time)
  void Master::run_transaction(tlm_generic_payload &trans, sc_core::sc_time &time)
  void Master::run_transaction(tlm_generic_payload &trans, sc_core::sc_time &time)
  void Master::run_transaction(tlm_generic_payload &trans, sc_core::sc_time &time)

/scratch/glasseem/tlm_course/example5/slave.cpp:24: warning: no matching class member found for 
  Slave::Slave(sc_module_name name)
Possible candidates:
  Slave::Slave(sc_core::sc_module_name name)
  Slave::Slave()
  Slave::Slave(const Slave &)
  Slave::Slave(sc_core::sc_module_name name)
  Slave::Slave()
  Slave::Slave(const Slave &)
  Slave::Slave(sc_core::sc_module_name name)
  Slave::Slave()
  Slave::Slave(const Slave &)
  Slave::Slave(sc_core::sc_module_name name)
  Slave::Slave()
  Slave::Slave(const Slave &)
  Slave::Slave(sc_core::sc_module_name name)
  Slave::Slave()
  Slave::Slave(const Slave &)
  Slave::Slave(sc_core::sc_module_name name)
  Slave::Slave()
  Slave::Slave(const Slave &)
  Slave::Slave(sc_core::sc_module_name name)
  Slave::Slave()
  Slave::Slave(const Slave &)
  Slave::Slave(sc_core::sc_module_name name)
  Slave::Slave()
  Slave::Slave(const Slave &)
  Slave::Slave(sc_core::sc_module_name name)
  Slave::Slave()
  Slave::Slave(const Slave &)
  Slave::Slave(sc_core::sc_module_name name)
  Slave::Slave()
  Slave::Slave(const Slave &)
  Slave::Slave(sc_core::sc_module_name name)
  Slave::Slave()
  Slave::Slave(const Slave &)
  Slave::Slave(sc_core::sc_module_name name)
  Slave::Slave()
  Slave::Slave(const Slave &)

/scratch/glasseem/tlm_course/example5/slave.cpp:83: warning: no matching class member found for 
  void Slave::my_b_transport(tlm_generic_payload &trans, sc_time &local_time)
Possible candidates:
  void Slave::my_b_transport(tlm::tlm_generic_payload &trans, sc_core::sc_time &local_time)
  void Slave::my_b_transport(tlm::tlm_generic_payload &trans, sc_core::sc_time &local_time)
  void Slave::my_b_transport(tlm::tlm_generic_payload &trans, sc_core::sc_time &local_time)
  void Slave::my_b_transport(tlm::tlm_generic_payload &trans, sc_core::sc_time &local_time)

/scratch/glasseem/tlm_course/example5/top.cpp:18: warning: no matching class member found for 
  Top::Top(sc_module_name name)
Possible candidates:
  Top::Top(sc_core::sc_module_name name)
  Top::Top()
  Top::Top(const Top &)
  Top::Top(sc_core::sc_module_name name)
  Top::Top()
  Top::Top(const Top &)
  Top::Top(sc_core::sc_module_name name)
  Top::Top()
  Top::Top(const Top &)
  Top::Top(sc_core::sc_module_name name)
  Top::Top()
  Top::Top(const Top &)
  Top::Top(sc_core::sc_module_name name)
  Top::Top()
  Top::Top(const Top &)
  Top::Top(sc_core::sc_module_name name)
  Top::Top()
  Top::Top(const Top &)
  Top::Top(sc_core::sc_module_name name)
  Top::Top()
  Top::Top(const Top &)
  Top::Top(sc_core::sc_module_name name)
  Top::Top()
  Top::Top(const Top &)
  Top::Top(sc_core::sc_module_name name)
  Top::Top()
  Top::Top(const Top &)
  Top::Top(sc_core::sc_module_name name)
  Top::Top()
  Top::Top(const Top &)
  Top::Top(sc_core::sc_module_name name)
  Top::Top()
  Top::Top(const Top &)
  Top::Top(sc_core::sc_module_name name)
  Top::Top()
  Top::Top(const Top &)

/scratch/glasseem/tlm_course/example6/master.cpp:76: warning: no matching class member found for 
  Master::Master(sc_module_name name)
Possible candidates:
  Master::Master(sc_core::sc_module_name name)
  Master::Master()
  Master::Master(const Master &)
  Master::Master(sc_core::sc_module_name name)
  Master::Master()
  Master::Master(const Master &)
  Master::Master(sc_core::sc_module_name name)
  Master::Master()
  Master::Master(const Master &)
  Master::Master(sc_core::sc_module_name name)
  Master::Master()
  Master::Master(const Master &)
  Master::Master(sc_core::sc_module_name name)
  Master::Master()
  Master::Master(const Master &)
  Master::Master(sc_core::sc_module_name name)
  Master::Master()
  Master::Master(const Master &)
  Master::Master(sc_core::sc_module_name name)
  Master::Master()
  Master::Master(const Master &)
  Master::Master(sc_core::sc_module_name name)
  Master::Master()
  Master::Master(const Master &)
  Master::Master(sc_core::sc_module_name name)
  Master::Master()
  Master::Master(const Master &)
  Master::Master(sc_core::sc_module_name name)
  Master::Master()
  Master::Master(const Master &)
  Master::Master(sc_core::sc_module_name name)
  Master::Master()
  Master::Master(const Master &)
  Master::Master(sc_core::sc_module_name name)
  Master::Master()
  Master::Master(const Master &)

/scratch/glasseem/tlm_course/example6/master.cpp:184: warning: no uniquely matching class member found for 
  tlm_sync_enum Master::my_nb_transport_bw(tlm_generic_payload &trans, tlm_phase &phase, sc_time &time)
Possible candidates:
  tlm_sync_enum Master::my_nb_transport_bw(tlm_generic_payload &trans, tlm_phase &phase, sc_core::sc_time &time)' at line 58 of file /scratch/glasseem/tlm_course/example5/master.h
  tlm_sync_enum Master::my_nb_transport_bw(tlm_generic_payload &trans, tlm_phase &phase, sc_core::sc_time &time)' at line 58 of file /scratch/glasseem/tlm_course/example6/master.h
  tlm_sync_enum Master::my_nb_transport_bw(tlm_generic_payload &trans, tlm_phase &phase, sc_core::sc_time &time)' at line 58 of file /scratch/glasseem/tlm_course/example7/master.h
  tlm_sync_enum Master::my_nb_transport_bw(tlm_generic_payload &trans, tlm_phase &phase, sc_core::sc_time &time)' at line 57 of file /scratch/glasseem/tlm_course/exercise3/master.h

/scratch/glasseem/tlm_course/example6/master.cpp:214: warning: no matching class member found for 
  void Master::run_transaction(tlm_generic_payload &trans, sc_time &time)
Possible candidates:
  void Master::run_transaction(tlm_generic_payload &trans, sc_core::sc_time &time)
  void Master::run_transaction(tlm_generic_payload &trans, sc_core::sc_time &time)
  void Master::run_transaction(tlm_generic_payload &trans, sc_core::sc_time &time)
  void Master::run_transaction(tlm_generic_payload &trans, sc_core::sc_time &time)

/scratch/glasseem/tlm_course/example6/slave.cpp:27: warning: no matching class member found for 
  Slave::Slave(sc_module_name name)
Possible candidates:
  Slave::Slave(sc_core::sc_module_name name)
  Slave::Slave()
  Slave::Slave(const Slave &)
  Slave::Slave(sc_core::sc_module_name name)
  Slave::Slave()
  Slave::Slave(const Slave &)
  Slave::Slave(sc_core::sc_module_name name)
  Slave::Slave()
  Slave::Slave(const Slave &)
  Slave::Slave(sc_core::sc_module_name name)
  Slave::Slave()
  Slave::Slave(const Slave &)
  Slave::Slave(sc_core::sc_module_name name)
  Slave::Slave()
  Slave::Slave(const Slave &)
  Slave::Slave(sc_core::sc_module_name name)
  Slave::Slave()
  Slave::Slave(const Slave &)
  Slave::Slave(sc_core::sc_module_name name)
  Slave::Slave()
  Slave::Slave(const Slave &)
  Slave::Slave(sc_core::sc_module_name name)
  Slave::Slave()
  Slave::Slave(const Slave &)
  Slave::Slave(sc_core::sc_module_name name)
  Slave::Slave()
  Slave::Slave(const Slave &)
  Slave::Slave(sc_core::sc_module_name name)
  Slave::Slave()
  Slave::Slave(const Slave &)
  Slave::Slave(sc_core::sc_module_name name)
  Slave::Slave()
  Slave::Slave(const Slave &)
  Slave::Slave(sc_core::sc_module_name name)
  Slave::Slave()
  Slave::Slave(const Slave &)

/scratch/glasseem/tlm_course/example6/slave.cpp:89: warning: no matching class member found for 
  tlm_sync_enum Slave::my_nb_transport_fw(tlm_generic_payload &trans, tlm_phase &phase, sc_time &local_time)
Possible candidates:
  tlm::tlm_sync_enum Slave::my_nb_transport_fw(tlm::tlm_generic_payload &trans, tlm::tlm_phase &phase, sc_core::sc_time &local_time)
  tlm::tlm_sync_enum Slave::my_nb_transport_fw(tlm::tlm_generic_payload &trans, tlm::tlm_phase &phase, sc_core::sc_time &local_time)
  tlm::tlm_sync_enum Slave::my_nb_transport_fw(tlm::tlm_generic_payload &trans, tlm::tlm_phase &phase, sc_core::sc_time &local_time)
  tlm::tlm_sync_enum Slave::my_nb_transport_fw(tlm::tlm_generic_payload &trans, tlm::tlm_phase &phase, sc_core::sc_time &local_time)

/scratch/glasseem/tlm_course/example6/slave.cpp:153: warning: no matching class member found for 
  void Slave::peq_cb(tlm_generic_payload &trans, const tlm_phase &phase)
Possible candidates:
  void Slave::peq_cb(tlm::tlm_generic_payload &trans, const tlm::tlm_phase &phase)
  void Slave::peq_cb(tlm::tlm_generic_payload &trans, const tlm::tlm_phase &phase)
  void Slave::peq_cb(tlm::tlm_generic_payload &trans, const tlm::tlm_phase &phase)
  void Slave::peq_cb(tlm::tlm_generic_payload &trans, const tlm::tlm_phase &phase)

/scratch/glasseem/tlm_course/example6/top.cpp:18: warning: no matching class member found for 
  Top::Top(sc_module_name name)
Possible candidates:
  Top::Top(sc_core::sc_module_name name)
  Top::Top()
  Top::Top(const Top &)
  Top::Top(sc_core::sc_module_name name)
  Top::Top()
  Top::Top(const Top &)
  Top::Top(sc_core::sc_module_name name)
  Top::Top()
  Top::Top(const Top &)
  Top::Top(sc_core::sc_module_name name)
  Top::Top()
  Top::Top(const Top &)
  Top::Top(sc_core::sc_module_name name)
  Top::Top()
  Top::Top(const Top &)
  Top::Top(sc_core::sc_module_name name)
  Top::Top()
  Top::Top(const Top &)
  Top::Top(sc_core::sc_module_name name)
  Top::Top()
  Top::Top(const Top &)
  Top::Top(sc_core::sc_module_name name)
  Top::Top()
  Top::Top(const Top &)
  Top::Top(sc_core::sc_module_name name)
  Top::Top()
  Top::Top(const Top &)
  Top::Top(sc_core::sc_module_name name)
  Top::Top()
  Top::Top(const Top &)
  Top::Top(sc_core::sc_module_name name)
  Top::Top()
  Top::Top(const Top &)
  Top::Top(sc_core::sc_module_name name)
  Top::Top()
  Top::Top(const Top &)

/scratch/glasseem/tlm_course/example7/master.cpp:76: warning: no matching class member found for 
  Master::Master(sc_module_name name)
Possible candidates:
  Master::Master(sc_core::sc_module_name name)
  Master::Master()
  Master::Master(const Master &)
  Master::Master(sc_core::sc_module_name name)
  Master::Master()
  Master::Master(const Master &)
  Master::Master(sc_core::sc_module_name name)
  Master::Master()
  Master::Master(const Master &)
  Master::Master(sc_core::sc_module_name name)
  Master::Master()
  Master::Master(const Master &)
  Master::Master(sc_core::sc_module_name name)
  Master::Master()
  Master::Master(const Master &)
  Master::Master(sc_core::sc_module_name name)
  Master::Master()
  Master::Master(const Master &)
  Master::Master(sc_core::sc_module_name name)
  Master::Master()
  Master::Master(const Master &)
  Master::Master(sc_core::sc_module_name name)
  Master::Master()
  Master::Master(const Master &)
  Master::Master(sc_core::sc_module_name name)
  Master::Master()
  Master::Master(const Master &)
  Master::Master(sc_core::sc_module_name name)
  Master::Master()
  Master::Master(const Master &)
  Master::Master(sc_core::sc_module_name name)
  Master::Master()
  Master::Master(const Master &)
  Master::Master(sc_core::sc_module_name name)
  Master::Master()
  Master::Master(const Master &)

/scratch/glasseem/tlm_course/example7/master.cpp:184: warning: no uniquely matching class member found for 
  tlm_sync_enum Master::my_nb_transport_bw(tlm_generic_payload &trans, tlm_phase &phase, sc_time &time)
Possible candidates:
  tlm_sync_enum Master::my_nb_transport_bw(tlm_generic_payload &trans, tlm_phase &phase, sc_core::sc_time &time)' at line 58 of file /scratch/glasseem/tlm_course/example5/master.h
  tlm_sync_enum Master::my_nb_transport_bw(tlm_generic_payload &trans, tlm_phase &phase, sc_core::sc_time &time)' at line 58 of file /scratch/glasseem/tlm_course/example6/master.h
  tlm_sync_enum Master::my_nb_transport_bw(tlm_generic_payload &trans, tlm_phase &phase, sc_core::sc_time &time)' at line 58 of file /scratch/glasseem/tlm_course/example7/master.h
  tlm_sync_enum Master::my_nb_transport_bw(tlm_generic_payload &trans, tlm_phase &phase, sc_core::sc_time &time)' at line 57 of file /scratch/glasseem/tlm_course/exercise3/master.h

/scratch/glasseem/tlm_course/example7/master.cpp:214: warning: no matching class member found for 
  void Master::run_transaction(tlm_generic_payload &trans, sc_time &time)
Possible candidates:
  void Master::run_transaction(tlm_generic_payload &trans, sc_core::sc_time &time)
  void Master::run_transaction(tlm_generic_payload &trans, sc_core::sc_time &time)
  void Master::run_transaction(tlm_generic_payload &trans, sc_core::sc_time &time)
  void Master::run_transaction(tlm_generic_payload &trans, sc_core::sc_time &time)

/scratch/glasseem/tlm_course/example7/slave.cpp:27: warning: no matching class member found for 
  Slave::Slave(sc_module_name name)
Possible candidates:
  Slave::Slave(sc_core::sc_module_name name)
  Slave::Slave()
  Slave::Slave(const Slave &)
  Slave::Slave(sc_core::sc_module_name name)
  Slave::Slave()
  Slave::Slave(const Slave &)
  Slave::Slave(sc_core::sc_module_name name)
  Slave::Slave()
  Slave::Slave(const Slave &)
  Slave::Slave(sc_core::sc_module_name name)
  Slave::Slave()
  Slave::Slave(const Slave &)
  Slave::Slave(sc_core::sc_module_name name)
  Slave::Slave()
  Slave::Slave(const Slave &)
  Slave::Slave(sc_core::sc_module_name name)
  Slave::Slave()
  Slave::Slave(const Slave &)
  Slave::Slave(sc_core::sc_module_name name)
  Slave::Slave()
  Slave::Slave(const Slave &)
  Slave::Slave(sc_core::sc_module_name name)
  Slave::Slave()
  Slave::Slave(const Slave &)
  Slave::Slave(sc_core::sc_module_name name)
  Slave::Slave()
  Slave::Slave(const Slave &)
  Slave::Slave(sc_core::sc_module_name name)
  Slave::Slave()
  Slave::Slave(const Slave &)
  Slave::Slave(sc_core::sc_module_name name)
  Slave::Slave()
  Slave::Slave(const Slave &)
  Slave::Slave(sc_core::sc_module_name name)
  Slave::Slave()
  Slave::Slave(const Slave &)

/scratch/glasseem/tlm_course/example7/slave.cpp:89: warning: no matching class member found for 
  tlm_sync_enum Slave::my_nb_transport_fw(tlm_generic_payload &trans, tlm_phase &phase, sc_time &local_time)
Possible candidates:
  tlm::tlm_sync_enum Slave::my_nb_transport_fw(tlm::tlm_generic_payload &trans, tlm::tlm_phase &phase, sc_core::sc_time &local_time)
  tlm::tlm_sync_enum Slave::my_nb_transport_fw(tlm::tlm_generic_payload &trans, tlm::tlm_phase &phase, sc_core::sc_time &local_time)
  tlm::tlm_sync_enum Slave::my_nb_transport_fw(tlm::tlm_generic_payload &trans, tlm::tlm_phase &phase, sc_core::sc_time &local_time)
  tlm::tlm_sync_enum Slave::my_nb_transport_fw(tlm::tlm_generic_payload &trans, tlm::tlm_phase &phase, sc_core::sc_time &local_time)

/scratch/glasseem/tlm_course/example7/slave.cpp:153: warning: no matching class member found for 
  void Slave::peq_cb(tlm_generic_payload &trans, const tlm_phase &phase)
Possible candidates:
  void Slave::peq_cb(tlm::tlm_generic_payload &trans, const tlm::tlm_phase &phase)
  void Slave::peq_cb(tlm::tlm_generic_payload &trans, const tlm::tlm_phase &phase)
  void Slave::peq_cb(tlm::tlm_generic_payload &trans, const tlm::tlm_phase &phase)
  void Slave::peq_cb(tlm::tlm_generic_payload &trans, const tlm::tlm_phase &phase)

/scratch/glasseem/tlm_course/example7/top.cpp:18: warning: no matching class member found for 
  Top::Top(sc_module_name name)
Possible candidates:
  Top::Top(sc_core::sc_module_name name)
  Top::Top()
  Top::Top(const Top &)
  Top::Top(sc_core::sc_module_name name)
  Top::Top()
  Top::Top(const Top &)
  Top::Top(sc_core::sc_module_name name)
  Top::Top()
  Top::Top(const Top &)
  Top::Top(sc_core::sc_module_name name)
  Top::Top()
  Top::Top(const Top &)
  Top::Top(sc_core::sc_module_name name)
  Top::Top()
  Top::Top(const Top &)
  Top::Top(sc_core::sc_module_name name)
  Top::Top()
  Top::Top(const Top &)
  Top::Top(sc_core::sc_module_name name)
  Top::Top()
  Top::Top(const Top &)
  Top::Top(sc_core::sc_module_name name)
  Top::Top()
  Top::Top(const Top &)
  Top::Top(sc_core::sc_module_name name)
  Top::Top()
  Top::Top(const Top &)
  Top::Top(sc_core::sc_module_name name)
  Top::Top()
  Top::Top(const Top &)
  Top::Top(sc_core::sc_module_name name)
  Top::Top()
  Top::Top(const Top &)
  Top::Top(sc_core::sc_module_name name)
  Top::Top()
  Top::Top(const Top &)

/scratch/glasseem/tlm_course/example8/master.cpp:22: warning: no matching class member found for 
  Master::Master(sc_module_name name)
Possible candidates:
  Master::Master(sc_core::sc_module_name name)
  Master::Master()
  Master::Master(const Master &)
  Master::Master(sc_core::sc_module_name name)
  Master::Master()
  Master::Master(const Master &)
  Master::Master(sc_core::sc_module_name name)
  Master::Master()
  Master::Master(const Master &)
  Master::Master(sc_core::sc_module_name name)
  Master::Master()
  Master::Master(const Master &)
  Master::Master(sc_core::sc_module_name name)
  Master::Master()
  Master::Master(const Master &)
  Master::Master(sc_core::sc_module_name name)
  Master::Master()
  Master::Master(const Master &)
  Master::Master(sc_core::sc_module_name name)
  Master::Master()
  Master::Master(const Master &)
  Master::Master(sc_core::sc_module_name name)
  Master::Master()
  Master::Master(const Master &)
  Master::Master(sc_core::sc_module_name name)
  Master::Master()
  Master::Master(const Master &)
  Master::Master(sc_core::sc_module_name name)
  Master::Master()
  Master::Master(const Master &)
  Master::Master(sc_core::sc_module_name name)
  Master::Master()
  Master::Master(const Master &)
  Master::Master(sc_core::sc_module_name name)
  Master::Master()
  Master::Master(const Master &)

/scratch/glasseem/tlm_course/example8/slave.cpp:24: warning: no matching class member found for 
  Slave::Slave(sc_module_name name)
Possible candidates:
  Slave::Slave(sc_core::sc_module_name name)
  Slave::Slave()
  Slave::Slave(const Slave &)
  Slave::Slave(sc_core::sc_module_name name)
  Slave::Slave()
  Slave::Slave(const Slave &)
  Slave::Slave(sc_core::sc_module_name name)
  Slave::Slave()
  Slave::Slave(const Slave &)
  Slave::Slave(sc_core::sc_module_name name)
  Slave::Slave()
  Slave::Slave(const Slave &)
  Slave::Slave(sc_core::sc_module_name name)
  Slave::Slave()
  Slave::Slave(const Slave &)
  Slave::Slave(sc_core::sc_module_name name)
  Slave::Slave()
  Slave::Slave(const Slave &)
  Slave::Slave(sc_core::sc_module_name name)
  Slave::Slave()
  Slave::Slave(const Slave &)
  Slave::Slave(sc_core::sc_module_name name)
  Slave::Slave()
  Slave::Slave(const Slave &)
  Slave::Slave(sc_core::sc_module_name name)
  Slave::Slave()
  Slave::Slave(const Slave &)
  Slave::Slave(sc_core::sc_module_name name)
  Slave::Slave()
  Slave::Slave(const Slave &)
  Slave::Slave(sc_core::sc_module_name name)
  Slave::Slave()
  Slave::Slave(const Slave &)
  Slave::Slave(sc_core::sc_module_name name)
  Slave::Slave()
  Slave::Slave(const Slave &)

/scratch/glasseem/tlm_course/example8/slave.cpp:83: warning: no matching class member found for 
  void Slave::my_b_transport(tlm_generic_payload &trans, sc_time &local_time)
Possible candidates:
  void Slave::my_b_transport(tlm::tlm_generic_payload &trans, sc_core::sc_time &local_time)
  void Slave::my_b_transport(tlm::tlm_generic_payload &trans, sc_core::sc_time &local_time)
  void Slave::my_b_transport(tlm::tlm_generic_payload &trans, sc_core::sc_time &local_time)
  void Slave::my_b_transport(tlm::tlm_generic_payload &trans, sc_core::sc_time &local_time)

/scratch/glasseem/tlm_course/example8/top.cpp:17: warning: no matching class member found for 
  Top::Top(sc_module_name name)
Possible candidates:
  Top::Top(sc_core::sc_module_name name)
  Top::Top()
  Top::Top(const Top &)
  Top::Top(sc_core::sc_module_name name)
  Top::Top()
  Top::Top(const Top &)
  Top::Top(sc_core::sc_module_name name)
  Top::Top()
  Top::Top(const Top &)
  Top::Top(sc_core::sc_module_name name)
  Top::Top()
  Top::Top(const Top &)
  Top::Top(sc_core::sc_module_name name)
  Top::Top()
  Top::Top(const Top &)
  Top::Top(sc_core::sc_module_name name)
  Top::Top()
  Top::Top(const Top &)
  Top::Top(sc_core::sc_module_name name)
  Top::Top()
  Top::Top(const Top &)
  Top::Top(sc_core::sc_module_name name)
  Top::Top()
  Top::Top(const Top &)
  Top::Top(sc_core::sc_module_name name)
  Top::Top()
  Top::Top(const Top &)
  Top::Top(sc_core::sc_module_name name)
  Top::Top()
  Top::Top(const Top &)
  Top::Top(sc_core::sc_module_name name)
  Top::Top()
  Top::Top(const Top &)
  Top::Top(sc_core::sc_module_name name)
  Top::Top()
  Top::Top(const Top &)

/scratch/glasseem/tlm_course/example9/master.cpp:19: warning: no matching class member found for 
  Master::Master(sc_module_name name)
Possible candidates:
  Master::Master(sc_core::sc_module_name name)
  Master::Master()
  Master::Master(const Master &)
  Master::Master(sc_core::sc_module_name name)
  Master::Master()
  Master::Master(const Master &)
  Master::Master(sc_core::sc_module_name name)
  Master::Master()
  Master::Master(const Master &)
  Master::Master(sc_core::sc_module_name name)
  Master::Master()
  Master::Master(const Master &)
  Master::Master(sc_core::sc_module_name name)
  Master::Master()
  Master::Master(const Master &)
  Master::Master(sc_core::sc_module_name name)
  Master::Master()
  Master::Master(const Master &)
  Master::Master(sc_core::sc_module_name name)
  Master::Master()
  Master::Master(const Master &)
  Master::Master(sc_core::sc_module_name name)
  Master::Master()
  Master::Master(const Master &)
  Master::Master(sc_core::sc_module_name name)
  Master::Master()
  Master::Master(const Master &)
  Master::Master(sc_core::sc_module_name name)
  Master::Master()
  Master::Master(const Master &)
  Master::Master(sc_core::sc_module_name name)
  Master::Master()
  Master::Master(const Master &)
  Master::Master(sc_core::sc_module_name name)
  Master::Master()
  Master::Master(const Master &)

/scratch/glasseem/tlm_course/example9/slave.cpp:25: warning: no matching class member found for 
  Slave::Slave(sc_module_name name)
Possible candidates:
  Slave::Slave(sc_core::sc_module_name name)
  Slave::Slave()
  Slave::Slave(const Slave &)
  Slave::Slave(sc_core::sc_module_name name)
  Slave::Slave()
  Slave::Slave(const Slave &)
  Slave::Slave(sc_core::sc_module_name name)
  Slave::Slave()
  Slave::Slave(const Slave &)
  Slave::Slave(sc_core::sc_module_name name)
  Slave::Slave()
  Slave::Slave(const Slave &)
  Slave::Slave(sc_core::sc_module_name name)
  Slave::Slave()
  Slave::Slave(const Slave &)
  Slave::Slave(sc_core::sc_module_name name)
  Slave::Slave()
  Slave::Slave(const Slave &)
  Slave::Slave(sc_core::sc_module_name name)
  Slave::Slave()
  Slave::Slave(const Slave &)
  Slave::Slave(sc_core::sc_module_name name)
  Slave::Slave()
  Slave::Slave(const Slave &)
  Slave::Slave(sc_core::sc_module_name name)
  Slave::Slave()
  Slave::Slave(const Slave &)
  Slave::Slave(sc_core::sc_module_name name)
  Slave::Slave()
  Slave::Slave(const Slave &)
  Slave::Slave(sc_core::sc_module_name name)
  Slave::Slave()
  Slave::Slave(const Slave &)
  Slave::Slave(sc_core::sc_module_name name)
  Slave::Slave()
  Slave::Slave(const Slave &)

/scratch/glasseem/tlm_course/example9/slave.cpp:77: warning: no matching class member found for 
  void Slave::my_b_transport(tlm_generic_payload &trans, sc_time &local_time)
Possible candidates:
  void Slave::my_b_transport(tlm::tlm_generic_payload &trans, sc_core::sc_time &local_time)
  void Slave::my_b_transport(tlm::tlm_generic_payload &trans, sc_core::sc_time &local_time)
  void Slave::my_b_transport(tlm::tlm_generic_payload &trans, sc_core::sc_time &local_time)
  void Slave::my_b_transport(tlm::tlm_generic_payload &trans, sc_core::sc_time &local_time)

/scratch/glasseem/tlm_course/example9/top.cpp:17: warning: no matching class member found for 
  Top::Top(sc_module_name name)
Possible candidates:
  Top::Top(sc_core::sc_module_name name)
  Top::Top()
  Top::Top(const Top &)
  Top::Top(sc_core::sc_module_name name)
  Top::Top()
  Top::Top(const Top &)
  Top::Top(sc_core::sc_module_name name)
  Top::Top()
  Top::Top(const Top &)
  Top::Top(sc_core::sc_module_name name)
  Top::Top()
  Top::Top(const Top &)
  Top::Top(sc_core::sc_module_name name)
  Top::Top()
  Top::Top(const Top &)
  Top::Top(sc_core::sc_module_name name)
  Top::Top()
  Top::Top(const Top &)
  Top::Top(sc_core::sc_module_name name)
  Top::Top()
  Top::Top(const Top &)
  Top::Top(sc_core::sc_module_name name)
  Top::Top()
  Top::Top(const Top &)
  Top::Top(sc_core::sc_module_name name)
  Top::Top()
  Top::Top(const Top &)
  Top::Top(sc_core::sc_module_name name)
  Top::Top()
  Top::Top(const Top &)
  Top::Top(sc_core::sc_module_name name)
  Top::Top()
  Top::Top(const Top &)
  Top::Top(sc_core::sc_module_name name)
  Top::Top()
  Top::Top(const Top &)

/scratch/glasseem/tlm_course/exercise1/master.cpp:23: warning: no matching class member found for 
  Master::Master(sc_module_name name)
Possible candidates:
  Master::Master(sc_core::sc_module_name name)
  Master::Master()
  Master::Master(const Master &)
  Master::Master(sc_core::sc_module_name name)
  Master::Master()
  Master::Master(const Master &)
  Master::Master(sc_core::sc_module_name name)
  Master::Master()
  Master::Master(const Master &)
  Master::Master(sc_core::sc_module_name name)
  Master::Master()
  Master::Master(const Master &)
  Master::Master(sc_core::sc_module_name name)
  Master::Master()
  Master::Master(const Master &)
  Master::Master(sc_core::sc_module_name name)
  Master::Master()
  Master::Master(const Master &)
  Master::Master(sc_core::sc_module_name name)
  Master::Master()
  Master::Master(const Master &)
  Master::Master(sc_core::sc_module_name name)
  Master::Master()
  Master::Master(const Master &)
  Master::Master(sc_core::sc_module_name name)
  Master::Master()
  Master::Master(const Master &)
  Master::Master(sc_core::sc_module_name name)
  Master::Master()
  Master::Master(const Master &)
  Master::Master(sc_core::sc_module_name name)
  Master::Master()
  Master::Master(const Master &)
  Master::Master(sc_core::sc_module_name name)
  Master::Master()
  Master::Master(const Master &)

/scratch/glasseem/tlm_course/exercise1/reset.cpp:17: warning: no matching class member found for 
  Reset::Reset(sc_module_name name, sc_time duration)
Possible candidates:
  Reset::Reset(sc_core::sc_module_name name, sc_core::sc_time duration)
  Reset::Reset()
  Reset::Reset(const Reset &)
  Reset::Reset(sc_core::sc_module_name name, sc_core::sc_time duration)
  Reset::Reset()
  Reset::Reset(const Reset &)
  Reset::Reset(sc_core::sc_module_name name, sc_core::sc_time duration)
  Reset::Reset()
  Reset::Reset(const Reset &)

/scratch/glasseem/tlm_course/exercise1/slave.cpp:23: warning: no matching class member found for 
  Slave::Slave(sc_module_name name)
Possible candidates:
  Slave::Slave(sc_core::sc_module_name name)
  Slave::Slave()
  Slave::Slave(const Slave &)
  Slave::Slave(sc_core::sc_module_name name)
  Slave::Slave()
  Slave::Slave(const Slave &)
  Slave::Slave(sc_core::sc_module_name name)
  Slave::Slave()
  Slave::Slave(const Slave &)
  Slave::Slave(sc_core::sc_module_name name)
  Slave::Slave()
  Slave::Slave(const Slave &)
  Slave::Slave(sc_core::sc_module_name name)
  Slave::Slave()
  Slave::Slave(const Slave &)
  Slave::Slave(sc_core::sc_module_name name)
  Slave::Slave()
  Slave::Slave(const Slave &)
  Slave::Slave(sc_core::sc_module_name name)
  Slave::Slave()
  Slave::Slave(const Slave &)
  Slave::Slave(sc_core::sc_module_name name)
  Slave::Slave()
  Slave::Slave(const Slave &)
  Slave::Slave(sc_core::sc_module_name name)
  Slave::Slave()
  Slave::Slave(const Slave &)
  Slave::Slave(sc_core::sc_module_name name)
  Slave::Slave()
  Slave::Slave(const Slave &)
  Slave::Slave(sc_core::sc_module_name name)
  Slave::Slave()
  Slave::Slave(const Slave &)
  Slave::Slave(sc_core::sc_module_name name)
  Slave::Slave()
  Slave::Slave(const Slave &)

/scratch/glasseem/tlm_course/exercise1/top.cpp:23: warning: no matching class member found for 
  Top::Top(sc_module_name name)
Possible candidates:
  Top::Top(sc_core::sc_module_name name)
  Top::Top()
  Top::Top(const Top &)
  Top::Top(sc_core::sc_module_name name)
  Top::Top()
  Top::Top(const Top &)
  Top::Top(sc_core::sc_module_name name)
  Top::Top()
  Top::Top(const Top &)
  Top::Top(sc_core::sc_module_name name)
  Top::Top()
  Top::Top(const Top &)
  Top::Top(sc_core::sc_module_name name)
  Top::Top()
  Top::Top(const Top &)
  Top::Top(sc_core::sc_module_name name)
  Top::Top()
  Top::Top(const Top &)
  Top::Top(sc_core::sc_module_name name)
  Top::Top()
  Top::Top(const Top &)
  Top::Top(sc_core::sc_module_name name)
  Top::Top()
  Top::Top(const Top &)
  Top::Top(sc_core::sc_module_name name)
  Top::Top()
  Top::Top(const Top &)
  Top::Top(sc_core::sc_module_name name)
  Top::Top()
  Top::Top(const Top &)
  Top::Top(sc_core::sc_module_name name)
  Top::Top()
  Top::Top(const Top &)
  Top::Top(sc_core::sc_module_name name)
  Top::Top()
  Top::Top(const Top &)

/scratch/glasseem/tlm_course/exercise2/master.cpp:23: warning: no matching class member found for 
  Master::Master(sc_module_name name)
Possible candidates:
  Master::Master(sc_core::sc_module_name name)
  Master::Master()
  Master::Master(const Master &)
  Master::Master(sc_core::sc_module_name name)
  Master::Master()
  Master::Master(const Master &)
  Master::Master(sc_core::sc_module_name name)
  Master::Master()
  Master::Master(const Master &)
  Master::Master(sc_core::sc_module_name name)
  Master::Master()
  Master::Master(const Master &)
  Master::Master(sc_core::sc_module_name name)
  Master::Master()
  Master::Master(const Master &)
  Master::Master(sc_core::sc_module_name name)
  Master::Master()
  Master::Master(const Master &)
  Master::Master(sc_core::sc_module_name name)
  Master::Master()
  Master::Master(const Master &)
  Master::Master(sc_core::sc_module_name name)
  Master::Master()
  Master::Master(const Master &)
  Master::Master(sc_core::sc_module_name name)
  Master::Master()
  Master::Master(const Master &)
  Master::Master(sc_core::sc_module_name name)
  Master::Master()
  Master::Master(const Master &)
  Master::Master(sc_core::sc_module_name name)
  Master::Master()
  Master::Master(const Master &)
  Master::Master(sc_core::sc_module_name name)
  Master::Master()
  Master::Master(const Master &)

/scratch/glasseem/tlm_course/exercise2/slave.cpp:25: warning: no matching class member found for 
  Slave::Slave(sc_module_name name)
Possible candidates:
  Slave::Slave(sc_core::sc_module_name name)
  Slave::Slave()
  Slave::Slave(const Slave &)
  Slave::Slave(sc_core::sc_module_name name)
  Slave::Slave()
  Slave::Slave(const Slave &)
  Slave::Slave(sc_core::sc_module_name name)
  Slave::Slave()
  Slave::Slave(const Slave &)
  Slave::Slave(sc_core::sc_module_name name)
  Slave::Slave()
  Slave::Slave(const Slave &)
  Slave::Slave(sc_core::sc_module_name name)
  Slave::Slave()
  Slave::Slave(const Slave &)
  Slave::Slave(sc_core::sc_module_name name)
  Slave::Slave()
  Slave::Slave(const Slave &)
  Slave::Slave(sc_core::sc_module_name name)
  Slave::Slave()
  Slave::Slave(const Slave &)
  Slave::Slave(sc_core::sc_module_name name)
  Slave::Slave()
  Slave::Slave(const Slave &)
  Slave::Slave(sc_core::sc_module_name name)
  Slave::Slave()
  Slave::Slave(const Slave &)
  Slave::Slave(sc_core::sc_module_name name)
  Slave::Slave()
  Slave::Slave(const Slave &)
  Slave::Slave(sc_core::sc_module_name name)
  Slave::Slave()
  Slave::Slave(const Slave &)
  Slave::Slave(sc_core::sc_module_name name)
  Slave::Slave()
  Slave::Slave(const Slave &)

/scratch/glasseem/tlm_course/exercise2/top.cpp:18: warning: no matching class member found for 
  Top::Top(sc_module_name name)
Possible candidates:
  Top::Top(sc_core::sc_module_name name)
  Top::Top()
  Top::Top(const Top &)
  Top::Top(sc_core::sc_module_name name)
  Top::Top()
  Top::Top(const Top &)
  Top::Top(sc_core::sc_module_name name)
  Top::Top()
  Top::Top(const Top &)
  Top::Top(sc_core::sc_module_name name)
  Top::Top()
  Top::Top(const Top &)
  Top::Top(sc_core::sc_module_name name)
  Top::Top()
  Top::Top(const Top &)
  Top::Top(sc_core::sc_module_name name)
  Top::Top()
  Top::Top(const Top &)
  Top::Top(sc_core::sc_module_name name)
  Top::Top()
  Top::Top(const Top &)
  Top::Top(sc_core::sc_module_name name)
  Top::Top()
  Top::Top(const Top &)
  Top::Top(sc_core::sc_module_name name)
  Top::Top()
  Top::Top(const Top &)
  Top::Top(sc_core::sc_module_name name)
  Top::Top()
  Top::Top(const Top &)
  Top::Top(sc_core::sc_module_name name)
  Top::Top()
  Top::Top(const Top &)
  Top::Top(sc_core::sc_module_name name)
  Top::Top()
  Top::Top(const Top &)

/scratch/glasseem/tlm_course/exercise3/master.cpp:76: warning: no matching class member found for 
  Master::Master(sc_module_name name)
Possible candidates:
  Master::Master(sc_core::sc_module_name name)
  Master::Master()
  Master::Master(const Master &)
  Master::Master(sc_core::sc_module_name name)
  Master::Master()
  Master::Master(const Master &)
  Master::Master(sc_core::sc_module_name name)
  Master::Master()
  Master::Master(const Master &)
  Master::Master(sc_core::sc_module_name name)
  Master::Master()
  Master::Master(const Master &)
  Master::Master(sc_core::sc_module_name name)
  Master::Master()
  Master::Master(const Master &)
  Master::Master(sc_core::sc_module_name name)
  Master::Master()
  Master::Master(const Master &)
  Master::Master(sc_core::sc_module_name name)
  Master::Master()
  Master::Master(const Master &)
  Master::Master(sc_core::sc_module_name name)
  Master::Master()
  Master::Master(const Master &)
  Master::Master(sc_core::sc_module_name name)
  Master::Master()
  Master::Master(const Master &)
  Master::Master(sc_core::sc_module_name name)
  Master::Master()
  Master::Master(const Master &)
  Master::Master(sc_core::sc_module_name name)
  Master::Master()
  Master::Master(const Master &)
  Master::Master(sc_core::sc_module_name name)
  Master::Master()
  Master::Master(const Master &)

/scratch/glasseem/tlm_course/exercise3/master.cpp:191: warning: no uniquely matching class member found for 
  tlm_sync_enum Master::my_nb_transport_bw(tlm_generic_payload &trans, tlm_phase &phase, sc_time &time)
Possible candidates:
  tlm_sync_enum Master::my_nb_transport_bw(tlm_generic_payload &trans, tlm_phase &phase, sc_core::sc_time &time)' at line 58 of file /scratch/glasseem/tlm_course/example5/master.h
  tlm_sync_enum Master::my_nb_transport_bw(tlm_generic_payload &trans, tlm_phase &phase, sc_core::sc_time &time)' at line 58 of file /scratch/glasseem/tlm_course/example6/master.h
  tlm_sync_enum Master::my_nb_transport_bw(tlm_generic_payload &trans, tlm_phase &phase, sc_core::sc_time &time)' at line 58 of file /scratch/glasseem/tlm_course/example7/master.h
  tlm_sync_enum Master::my_nb_transport_bw(tlm_generic_payload &trans, tlm_phase &phase, sc_core::sc_time &time)' at line 57 of file /scratch/glasseem/tlm_course/exercise3/master.h

/scratch/glasseem/tlm_course/exercise3/master.cpp:233: warning: no matching class member found for 
  void Master::run_transaction(tlm_generic_payload &trans, sc_time &time)
Possible candidates:
  void Master::run_transaction(tlm_generic_payload &trans, sc_core::sc_time &time)
  void Master::run_transaction(tlm_generic_payload &trans, sc_core::sc_time &time)
  void Master::run_transaction(tlm_generic_payload &trans, sc_core::sc_time &time)
  void Master::run_transaction(tlm_generic_payload &trans, sc_core::sc_time &time)

/scratch/glasseem/tlm_course/exercise3/slave.cpp:27: warning: no matching class member found for 
  Slave::Slave(sc_module_name name)
Possible candidates:
  Slave::Slave(sc_core::sc_module_name name)
  Slave::Slave()
  Slave::Slave(const Slave &)
  Slave::Slave(sc_core::sc_module_name name)
  Slave::Slave()
  Slave::Slave(const Slave &)
  Slave::Slave(sc_core::sc_module_name name)
  Slave::Slave()
  Slave::Slave(const Slave &)
  Slave::Slave(sc_core::sc_module_name name)
  Slave::Slave()
  Slave::Slave(const Slave &)
  Slave::Slave(sc_core::sc_module_name name)
  Slave::Slave()
  Slave::Slave(const Slave &)
  Slave::Slave(sc_core::sc_module_name name)
  Slave::Slave()
  Slave::Slave(const Slave &)
  Slave::Slave(sc_core::sc_module_name name)
  Slave::Slave()
  Slave::Slave(const Slave &)
  Slave::Slave(sc_core::sc_module_name name)
  Slave::Slave()
  Slave::Slave(const Slave &)
  Slave::Slave(sc_core::sc_module_name name)
  Slave::Slave()
  Slave::Slave(const Slave &)
  Slave::Slave(sc_core::sc_module_name name)
  Slave::Slave()
  Slave::Slave(const Slave &)
  Slave::Slave(sc_core::sc_module_name name)
  Slave::Slave()
  Slave::Slave(const Slave &)
  Slave::Slave(sc_core::sc_module_name name)
  Slave::Slave()
  Slave::Slave(const Slave &)

/scratch/glasseem/tlm_course/exercise3/slave.cpp:89: warning: no matching class member found for 
  tlm_sync_enum Slave::my_nb_transport_fw(tlm_generic_payload &trans, tlm_phase &phase, sc_time &local_time)
Possible candidates:
  tlm::tlm_sync_enum Slave::my_nb_transport_fw(tlm::tlm_generic_payload &trans, tlm::tlm_phase &phase, sc_core::sc_time &local_time)
  tlm::tlm_sync_enum Slave::my_nb_transport_fw(tlm::tlm_generic_payload &trans, tlm::tlm_phase &phase, sc_core::sc_time &local_time)
  tlm::tlm_sync_enum Slave::my_nb_transport_fw(tlm::tlm_generic_payload &trans, tlm::tlm_phase &phase, sc_core::sc_time &local_time)
  tlm::tlm_sync_enum Slave::my_nb_transport_fw(tlm::tlm_generic_payload &trans, tlm::tlm_phase &phase, sc_core::sc_time &local_time)

/scratch/glasseem/tlm_course/exercise3/slave.cpp:153: warning: no matching class member found for 
  void Slave::peq_cb(tlm_generic_payload &trans, const tlm_phase &phase)
Possible candidates:
  void Slave::peq_cb(tlm::tlm_generic_payload &trans, const tlm::tlm_phase &phase)
  void Slave::peq_cb(tlm::tlm_generic_payload &trans, const tlm::tlm_phase &phase)
  void Slave::peq_cb(tlm::tlm_generic_payload &trans, const tlm::tlm_phase &phase)
  void Slave::peq_cb(tlm::tlm_generic_payload &trans, const tlm::tlm_phase &phase)

/scratch/glasseem/tlm_course/exercise3/top.cpp:18: warning: no matching class member found for 
  Top::Top(sc_module_name name)
Possible candidates:
  Top::Top(sc_core::sc_module_name name)
  Top::Top()
  Top::Top(const Top &)
  Top::Top(sc_core::sc_module_name name)
  Top::Top()
  Top::Top(const Top &)
  Top::Top(sc_core::sc_module_name name)
  Top::Top()
  Top::Top(const Top &)
  Top::Top(sc_core::sc_module_name name)
  Top::Top()
  Top::Top(const Top &)
  Top::Top(sc_core::sc_module_name name)
  Top::Top()
  Top::Top(const Top &)
  Top::Top(sc_core::sc_module_name name)
  Top::Top()
  Top::Top(const Top &)
  Top::Top(sc_core::sc_module_name name)
  Top::Top()
  Top::Top(const Top &)
  Top::Top(sc_core::sc_module_name name)
  Top::Top()
  Top::Top(const Top &)
  Top::Top(sc_core::sc_module_name name)
  Top::Top()
  Top::Top(const Top &)
  Top::Top(sc_core::sc_module_name name)
  Top::Top()
  Top::Top(const Top &)
  Top::Top(sc_core::sc_module_name name)
  Top::Top()
  Top::Top(const Top &)
  Top::Top(sc_core::sc_module_name name)
  Top::Top()
  Top::Top(const Top &)

